<?xml version="1.0" encoding="UTF-8"?>
<!-- Generated by org.testng.reporters.JUnitXMLReporter -->
<testsuite hostname="LAPTOP-NL02LEQS" ignored="0" name="Default test" tests="3" failures="0" timestamp="12 May 2020 14:51:37 GMT" time="3.672" errors="0">
  <testcase name="checkBody" time="0.846" classname="com.traveltek.TestCases.SampleGet"/>
  <testcase name="check_responseTime" time="0.007" classname="com.traveltek.TestCases.SampleGet"/>
  <testcase name="verifyStatusCode" time="0.005" classname="com.traveltek.TestCases.SampleGet"/>
</testsuite> <!-- Default test -->
