<?xml version="1.0" encoding="UTF-8"?>
<!-- Generated by org.testng.reporters.JUnitXMLReporter -->
<testsuite hostname="LAPTOP-NL02LEQS" ignored="0" name="Niki Beckend Services" tests="3" failures="0" timestamp="12 May 2020 16:30:49 GMT" time="3.408" errors="0">
  <testcase name="verifyStatusCode" time="0.02" classname="com.traveltek.TestCases.SampleGet"/>
  <testcase name="checkBody" time="0.509" classname="com.traveltek.TestCases.SampleGet"/>
  <testcase name="check_responseTime" time="0.001" classname="com.traveltek.TestCases.SampleGet"/>
</testsuite> <!-- Niki Beckend Services -->
